<?xml version="1.0" encoding="UTF-8"?>
<testsuite xmlns:xsi="http://www.w3.org/2001/XMLSchema-instance" xsi:noNamespaceSchemaLocation="https://maven.apache.org/surefire/maven-surefire-plugin/xsd/surefire-test-report.xsd" name="com.decido.decido.app.server.ApplicationTests" time="7.811" tests="1" errors="0" skipped="0" failures="0">
  <properties>
    <property name="sun.desktop" value="windows"/>
    <property name="awt.toolkit" value="sun.awt.windows.WToolkit"/>
    <property name="java.specification.version" value="10"/>
    <property name="file.encoding.pkg" value="sun.io"/>
    <property name="sun.cpu.isalist" value="amd64"/>
    <property name="sun.jnu.encoding" value="GBK"/>
    <property name="java.class.path" value="C:\Users\Sherlock_Bai\Desktop\Project\ServerWithSpring\decido.app.server\decido.app.server\target\test-classes;C:\Users\Sherlock_Bai\Desktop\Project\ServerWithSpring\decido.app.server\decido.app.server\target\classes;C:\Maven\apache-maven-3.5.3\repo\org\springframework\boot\spring-boot-starter-web\2.0.3.RELEASE\spring-boot-starter-web-2.0.3.RELEASE.jar;C:\Maven\apache-maven-3.5.3\repo\org\springframework\boot\spring-boot-starter\2.0.3.RELEASE\spring-boot-starter-2.0.3.RELEASE.jar;C:\Maven\apache-maven-3.5.3\repo\org\springframework\boot\spring-boot\2.0.3.RELEASE\spring-boot-2.0.3.RELEASE.jar;C:\Maven\apache-maven-3.5.3\repo\org\springframework\boot\spring-boot-autoconfigure\2.0.3.RELEASE\spring-boot-autoconfigure-2.0.3.RELEASE.jar;C:\Maven\apache-maven-3.5.3\repo\org\springframework\boot\spring-boot-starter-logging\2.0.3.RELEASE\spring-boot-starter-logging-2.0.3.RELEASE.jar;C:\Maven\apache-maven-3.5.3\repo\ch\qos\logback\logback-classic\1.2.3\logback-classic-1.2.3.jar;C:\Maven\apache-maven-3.5.3\repo\ch\qos\logback\logback-core\1.2.3\logback-core-1.2.3.jar;C:\Maven\apache-maven-3.5.3\repo\org\apache\logging\log4j\log4j-to-slf4j\2.10.0\log4j-to-slf4j-2.10.0.jar;C:\Maven\apache-maven-3.5.3\repo\org\apache\logging\log4j\log4j-api\2.10.0\log4j-api-2.10.0.jar;C:\Maven\apache-maven-3.5.3\repo\org\slf4j\jul-to-slf4j\1.7.25\jul-to-slf4j-1.7.25.jar;C:\Maven\apache-maven-3.5.3\repo\javax\annotation\javax.annotation-api\1.3.2\javax.annotation-api-1.3.2.jar;C:\Maven\apache-maven-3.5.3\repo\org\yaml\snakeyaml\1.19\snakeyaml-1.19.jar;C:\Maven\apache-maven-3.5.3\repo\org\springframework\boot\spring-boot-starter-json\2.0.3.RELEASE\spring-boot-starter-json-2.0.3.RELEASE.jar;C:\Maven\apache-maven-3.5.3\repo\com\fasterxml\jackson\core\jackson-databind\2.9.6\jackson-databind-2.9.6.jar;C:\Maven\apache-maven-3.5.3\repo\com\fasterxml\jackson\core\jackson-annotations\2.9.0\jackson-annotations-2.9.0.jar;C:\Maven\apache-maven-3.5.3\repo\com\fasterxml\jackson\core\jackson-core\2.9.6\jackson-core-2.9.6.jar;C:\Maven\apache-maven-3.5.3\repo\com\fasterxml\jackson\datatype\jackson-datatype-jdk8\2.9.6\jackson-datatype-jdk8-2.9.6.jar;C:\Maven\apache-maven-3.5.3\repo\com\fasterxml\jackson\datatype\jackson-datatype-jsr310\2.9.6\jackson-datatype-jsr310-2.9.6.jar;C:\Maven\apache-maven-3.5.3\repo\com\fasterxml\jackson\module\jackson-module-parameter-names\2.9.6\jackson-module-parameter-names-2.9.6.jar;C:\Maven\apache-maven-3.5.3\repo\org\springframework\boot\spring-boot-starter-tomcat\2.0.3.RELEASE\spring-boot-starter-tomcat-2.0.3.RELEASE.jar;C:\Maven\apache-maven-3.5.3\repo\org\apache\tomcat\embed\tomcat-embed-core\8.5.31\tomcat-embed-core-8.5.31.jar;C:\Maven\apache-maven-3.5.3\repo\org\apache\tomcat\embed\tomcat-embed-el\8.5.31\tomcat-embed-el-8.5.31.jar;C:\Maven\apache-maven-3.5.3\repo\org\apache\tomcat\embed\tomcat-embed-websocket\8.5.31\tomcat-embed-websocket-8.5.31.jar;C:\Maven\apache-maven-3.5.3\repo\org\hibernate\validator\hibernate-validator\6.0.10.Final\hibernate-validator-6.0.10.Final.jar;C:\Maven\apache-maven-3.5.3\repo\javax\validation\validation-api\2.0.1.Final\validation-api-2.0.1.Final.jar;C:\Maven\apache-maven-3.5.3\repo\org\jboss\logging\jboss-logging\3.3.2.Final\jboss-logging-3.3.2.Final.jar;C:\Maven\apache-maven-3.5.3\repo\com\fasterxml\classmate\1.3.4\classmate-1.3.4.jar;C:\Maven\apache-maven-3.5.3\repo\org\springframework\spring-web\5.0.7.RELEASE\spring-web-5.0.7.RELEASE.jar;C:\Maven\apache-maven-3.5.3\repo\org\springframework\spring-beans\5.0.7.RELEASE\spring-beans-5.0.7.RELEASE.jar;C:\Maven\apache-maven-3.5.3\repo\org\springframework\spring-webmvc\5.0.7.RELEASE\spring-webmvc-5.0.7.RELEASE.jar;C:\Maven\apache-maven-3.5.3\repo\org\springframework\spring-aop\5.0.7.RELEASE\spring-aop-5.0.7.RELEASE.jar;C:\Maven\apache-maven-3.5.3\repo\org\springframework\spring-context\5.0.7.RELEASE\spring-context-5.0.7.RELEASE.jar;C:\Maven\apache-maven-3.5.3\repo\org\springframework\spring-expression\5.0.7.RELEASE\spring-expression-5.0.7.RELEASE.jar;C:\Maven\apache-maven-3.5.3\repo\org\mybatis\spring\boot\mybatis-spring-boot-starter\1.3.2\mybatis-spring-boot-starter-1.3.2.jar;C:\Maven\apache-maven-3.5.3\repo\org\springframework\boot\spring-boot-starter-jdbc\2.0.3.RELEASE\spring-boot-starter-jdbc-2.0.3.RELEASE.jar;C:\Maven\apache-maven-3.5.3\repo\com\zaxxer\HikariCP\2.7.9\HikariCP-2.7.9.jar;C:\Maven\apache-maven-3.5.3\repo\org\springframework\spring-jdbc\5.0.7.RELEASE\spring-jdbc-5.0.7.RELEASE.jar;C:\Maven\apache-maven-3.5.3\repo\org\springframework\spring-tx\5.0.7.RELEASE\spring-tx-5.0.7.RELEASE.jar;C:\Maven\apache-maven-3.5.3\repo\org\mybatis\spring\boot\mybatis-spring-boot-autoconfigure\1.3.2\mybatis-spring-boot-autoconfigure-1.3.2.jar;C:\Maven\apache-maven-3.5.3\repo\org\mybatis\mybatis\3.4.6\mybatis-3.4.6.jar;C:\Maven\apache-maven-3.5.3\repo\org\mybatis\mybatis-spring\1.3.2\mybatis-spring-1.3.2.jar;C:\Maven\apache-maven-3.5.3\repo\mysql\mysql-connector-java\5.1.46\mysql-connector-java-5.1.46.jar;C:\Maven\apache-maven-3.5.3\repo\org\springframework\boot\spring-boot-starter-test\2.0.3.RELEASE\spring-boot-starter-test-2.0.3.RELEASE.jar;C:\Maven\apache-maven-3.5.3\repo\org\springframework\boot\spring-boot-test\2.0.3.RELEASE\spring-boot-test-2.0.3.RELEASE.jar;C:\Maven\apache-maven-3.5.3\repo\org\springframework\boot\spring-boot-test-autoconfigure\2.0.3.RELEASE\spring-boot-test-autoconfigure-2.0.3.RELEASE.jar;C:\Maven\apache-maven-3.5.3\repo\com\jayway\jsonpath\json-path\2.4.0\json-path-2.4.0.jar;C:\Maven\apache-maven-3.5.3\repo\net\minidev\json-smart\2.3\json-smart-2.3.jar;C:\Maven\apache-maven-3.5.3\repo\net\minidev\accessors-smart\1.2\accessors-smart-1.2.jar;C:\Maven\apache-maven-3.5.3\repo\org\ow2\asm\asm\5.0.4\asm-5.0.4.jar;C:\Maven\apache-maven-3.5.3\repo\org\slf4j\slf4j-api\1.7.25\slf4j-api-1.7.25.jar;C:\Maven\apache-maven-3.5.3\repo\junit\junit\4.12\junit-4.12.jar;C:\Maven\apache-maven-3.5.3\repo\org\assertj\assertj-core\3.9.1\assertj-core-3.9.1.jar;C:\Maven\apache-maven-3.5.3\repo\org\mockito\mockito-core\2.15.0\mockito-core-2.15.0.jar;C:\Maven\apache-maven-3.5.3\repo\net\bytebuddy\byte-buddy\1.7.11\byte-buddy-1.7.11.jar;C:\Maven\apache-maven-3.5.3\repo\net\bytebuddy\byte-buddy-agent\1.7.11\byte-buddy-agent-1.7.11.jar;C:\Maven\apache-maven-3.5.3\repo\org\objenesis\objenesis\2.6\objenesis-2.6.jar;C:\Maven\apache-maven-3.5.3\repo\org\hamcrest\hamcrest-core\1.3\hamcrest-core-1.3.jar;C:\Maven\apache-maven-3.5.3\repo\org\hamcrest\hamcrest-library\1.3\hamcrest-library-1.3.jar;C:\Maven\apache-maven-3.5.3\repo\org\skyscreamer\jsonassert\1.5.0\jsonassert-1.5.0.jar;C:\Maven\apache-maven-3.5.3\repo\com\vaadin\external\google\android-json\0.0.20131108.vaadin1\android-json-0.0.20131108.vaadin1.jar;C:\Maven\apache-maven-3.5.3\repo\org\springframework\spring-core\5.0.7.RELEASE\spring-core-5.0.7.RELEASE.jar;C:\Maven\apache-maven-3.5.3\repo\org\springframework\spring-jcl\5.0.7.RELEASE\spring-jcl-5.0.7.RELEASE.jar;C:\Maven\apache-maven-3.5.3\repo\org\springframework\spring-test\5.0.7.RELEASE\spring-test-5.0.7.RELEASE.jar;C:\Maven\apache-maven-3.5.3\repo\org\xmlunit\xmlunit-core\2.5.1\xmlunit-core-2.5.1.jar;"/>
    <property name="java.vm.vendor" value="&quot;Oracle Corporation&quot;"/>
    <property name="sun.arch.data.model" value="64"/>
    <property name="user.variant" value=""/>
    <property name="java.vendor.url" value="http://java.oracle.com/"/>
    <property name="user.timezone" value=""/>
    <property name="java.vm.specification.version" value="10"/>
    <property name="os.name" value="Windows 10"/>
    <property name="sun.java.launcher" value="SUN_STANDARD"/>
    <property name="user.country" value="US"/>
    <property name="sun.boot.library.path" value="C:\Program Files\Java\jdk-10.0.1\bin"/>
    <property name="sun.java.command" value="C:\Users\SHERLO~1\AppData\Local\Temp\surefire14700816494832177028\surefirebooter15644387341632682859.jar C:\Users\Sherlock_Bai\AppData\Local\Temp\surefire14700816494832177028 2018-07-15T14-24-01_889-jvmRun1 surefire7602847424255461730tmp surefire_06106271881176266275tmp"/>
    <property name="jdk.debug" value="release"/>
    <property name="surefire.test.class.path" value="C:\Users\Sherlock_Bai\Desktop\Project\ServerWithSpring\decido.app.server\decido.app.server\target\test-classes;C:\Users\Sherlock_Bai\Desktop\Project\ServerWithSpring\decido.app.server\decido.app.server\target\classes;C:\Maven\apache-maven-3.5.3\repo\org\springframework\boot\spring-boot-starter-web\2.0.3.RELEASE\spring-boot-starter-web-2.0.3.RELEASE.jar;C:\Maven\apache-maven-3.5.3\repo\org\springframework\boot\spring-boot-starter\2.0.3.RELEASE\spring-boot-starter-2.0.3.RELEASE.jar;C:\Maven\apache-maven-3.5.3\repo\org\springframework\boot\spring-boot\2.0.3.RELEASE\spring-boot-2.0.3.RELEASE.jar;C:\Maven\apache-maven-3.5.3\repo\org\springframework\boot\spring-boot-autoconfigure\2.0.3.RELEASE\spring-boot-autoconfigure-2.0.3.RELEASE.jar;C:\Maven\apache-maven-3.5.3\repo\org\springframework\boot\spring-boot-starter-logging\2.0.3.RELEASE\spring-boot-starter-logging-2.0.3.RELEASE.jar;C:\Maven\apache-maven-3.5.3\repo\ch\qos\logback\logback-classic\1.2.3\logback-classic-1.2.3.jar;C:\Maven\apache-maven-3.5.3\repo\ch\qos\logback\logback-core\1.2.3\logback-core-1.2.3.jar;C:\Maven\apache-maven-3.5.3\repo\org\apache\logging\log4j\log4j-to-slf4j\2.10.0\log4j-to-slf4j-2.10.0.jar;C:\Maven\apache-maven-3.5.3\repo\org\apache\logging\log4j\log4j-api\2.10.0\log4j-api-2.10.0.jar;C:\Maven\apache-maven-3.5.3\repo\org\slf4j\jul-to-slf4j\1.7.25\jul-to-slf4j-1.7.25.jar;C:\Maven\apache-maven-3.5.3\repo\javax\annotation\javax.annotation-api\1.3.2\javax.annotation-api-1.3.2.jar;C:\Maven\apache-maven-3.5.3\repo\org\yaml\snakeyaml\1.19\snakeyaml-1.19.jar;C:\Maven\apache-maven-3.5.3\repo\org\springframework\boot\spring-boot-starter-json\2.0.3.RELEASE\spring-boot-starter-json-2.0.3.RELEASE.jar;C:\Maven\apache-maven-3.5.3\repo\com\fasterxml\jackson\core\jackson-databind\2.9.6\jackson-databind-2.9.6.jar;C:\Maven\apache-maven-3.5.3\repo\com\fasterxml\jackson\core\jackson-annotations\2.9.0\jackson-annotations-2.9.0.jar;C:\Maven\apache-maven-3.5.3\repo\com\fasterxml\jackson\core\jackson-core\2.9.6\jackson-core-2.9.6.jar;C:\Maven\apache-maven-3.5.3\repo\com\fasterxml\jackson\datatype\jackson-datatype-jdk8\2.9.6\jackson-datatype-jdk8-2.9.6.jar;C:\Maven\apache-maven-3.5.3\repo\com\fasterxml\jackson\datatype\jackson-datatype-jsr310\2.9.6\jackson-datatype-jsr310-2.9.6.jar;C:\Maven\apache-maven-3.5.3\repo\com\fasterxml\jackson\module\jackson-module-parameter-names\2.9.6\jackson-module-parameter-names-2.9.6.jar;C:\Maven\apache-maven-3.5.3\repo\org\springframework\boot\spring-boot-starter-tomcat\2.0.3.RELEASE\spring-boot-starter-tomcat-2.0.3.RELEASE.jar;C:\Maven\apache-maven-3.5.3\repo\org\apache\tomcat\embed\tomcat-embed-core\8.5.31\tomcat-embed-core-8.5.31.jar;C:\Maven\apache-maven-3.5.3\repo\org\apache\tomcat\embed\tomcat-embed-el\8.5.31\tomcat-embed-el-8.5.31.jar;C:\Maven\apache-maven-3.5.3\repo\org\apache\tomcat\embed\tomcat-embed-websocket\8.5.31\tomcat-embed-websocket-8.5.31.jar;C:\Maven\apache-maven-3.5.3\repo\org\hibernate\validator\hibernate-validator\6.0.10.Final\hibernate-validator-6.0.10.Final.jar;C:\Maven\apache-maven-3.5.3\repo\javax\validation\validation-api\2.0.1.Final\validation-api-2.0.1.Final.jar;C:\Maven\apache-maven-3.5.3\repo\org\jboss\logging\jboss-logging\3.3.2.Final\jboss-logging-3.3.2.Final.jar;C:\Maven\apache-maven-3.5.3\repo\com\fasterxml\classmate\1.3.4\classmate-1.3.4.jar;C:\Maven\apache-maven-3.5.3\repo\org\springframework\spring-web\5.0.7.RELEASE\spring-web-5.0.7.RELEASE.jar;C:\Maven\apache-maven-3.5.3\repo\org\springframework\spring-beans\5.0.7.RELEASE\spring-beans-5.0.7.RELEASE.jar;C:\Maven\apache-maven-3.5.3\repo\org\springframework\spring-webmvc\5.0.7.RELEASE\spring-webmvc-5.0.7.RELEASE.jar;C:\Maven\apache-maven-3.5.3\repo\org\springframework\spring-aop\5.0.7.RELEASE\spring-aop-5.0.7.RELEASE.jar;C:\Maven\apache-maven-3.5.3\repo\org\springframework\spring-context\5.0.7.RELEASE\spring-context-5.0.7.RELEASE.jar;C:\Maven\apache-maven-3.5.3\repo\org\springframework\spring-expression\5.0.7.RELEASE\spring-expression-5.0.7.RELEASE.jar;C:\Maven\apache-maven-3.5.3\repo\org\mybatis\spring\boot\mybatis-spring-boot-starter\1.3.2\mybatis-spring-boot-starter-1.3.2.jar;C:\Maven\apache-maven-3.5.3\repo\org\springframework\boot\spring-boot-starter-jdbc\2.0.3.RELEASE\spring-boot-starter-jdbc-2.0.3.RELEASE.jar;C:\Maven\apache-maven-3.5.3\repo\com\zaxxer\HikariCP\2.7.9\HikariCP-2.7.9.jar;C:\Maven\apache-maven-3.5.3\repo\org\springframework\spring-jdbc\5.0.7.RELEASE\spring-jdbc-5.0.7.RELEASE.jar;C:\Maven\apache-maven-3.5.3\repo\org\springframework\spring-tx\5.0.7.RELEASE\spring-tx-5.0.7.RELEASE.jar;C:\Maven\apache-maven-3.5.3\repo\org\mybatis\spring\boot\mybatis-spring-boot-autoconfigure\1.3.2\mybatis-spring-boot-autoconfigure-1.3.2.jar;C:\Maven\apache-maven-3.5.3\repo\org\mybatis\mybatis\3.4.6\mybatis-3.4.6.jar;C:\Maven\apache-maven-3.5.3\repo\org\mybatis\mybatis-spring\1.3.2\mybatis-spring-1.3.2.jar;C:\Maven\apache-maven-3.5.3\repo\mysql\mysql-connector-java\5.1.46\mysql-connector-java-5.1.46.jar;C:\Maven\apache-maven-3.5.3\repo\org\springframework\boot\spring-boot-starter-test\2.0.3.RELEASE\spring-boot-starter-test-2.0.3.RELEASE.jar;C:\Maven\apache-maven-3.5.3\repo\org\springframework\boot\spring-boot-test\2.0.3.RELEASE\spring-boot-test-2.0.3.RELEASE.jar;C:\Maven\apache-maven-3.5.3\repo\org\springframework\boot\spring-boot-test-autoconfigure\2.0.3.RELEASE\spring-boot-test-autoconfigure-2.0.3.RELEASE.jar;C:\Maven\apache-maven-3.5.3\repo\com\jayway\jsonpath\json-path\2.4.0\json-path-2.4.0.jar;C:\Maven\apache-maven-3.5.3\repo\net\minidev\json-smart\2.3\json-smart-2.3.jar;C:\Maven\apache-maven-3.5.3\repo\net\minidev\accessors-smart\1.2\accessors-smart-1.2.jar;C:\Maven\apache-maven-3.5.3\repo\org\ow2\asm\asm\5.0.4\asm-5.0.4.jar;C:\Maven\apache-maven-3.5.3\repo\org\slf4j\slf4j-api\1.7.25\slf4j-api-1.7.25.jar;C:\Maven\apache-maven-3.5.3\repo\junit\junit\4.12\junit-4.12.jar;C:\Maven\apache-maven-3.5.3\repo\org\assertj\assertj-core\3.9.1\assertj-core-3.9.1.jar;C:\Maven\apache-maven-3.5.3\repo\org\mockito\mockito-core\2.15.0\mockito-core-2.15.0.jar;C:\Maven\apache-maven-3.5.3\repo\net\bytebuddy\byte-buddy\1.7.11\byte-buddy-1.7.11.jar;C:\Maven\apache-maven-3.5.3\repo\net\bytebuddy\byte-buddy-agent\1.7.11\byte-buddy-agent-1.7.11.jar;C:\Maven\apache-maven-3.5.3\repo\org\objenesis\objenesis\2.6\objenesis-2.6.jar;C:\Maven\apache-maven-3.5.3\repo\org\hamcrest\hamcrest-core\1.3\hamcrest-core-1.3.jar;C:\Maven\apache-maven-3.5.3\repo\org\hamcrest\hamcrest-library\1.3\hamcrest-library-1.3.jar;C:\Maven\apache-maven-3.5.3\repo\org\skyscreamer\jsonassert\1.5.0\jsonassert-1.5.0.jar;C:\Maven\apache-maven-3.5.3\repo\com\vaadin\external\google\android-json\0.0.20131108.vaadin1\android-json-0.0.20131108.vaadin1.jar;C:\Maven\apache-maven-3.5.3\repo\org\springframework\spring-core\5.0.7.RELEASE\spring-core-5.0.7.RELEASE.jar;C:\Maven\apache-maven-3.5.3\repo\org\springframework\spring-jcl\5.0.7.RELEASE\spring-jcl-5.0.7.RELEASE.jar;C:\Maven\apache-maven-3.5.3\repo\org\springframework\spring-test\5.0.7.RELEASE\spring-test-5.0.7.RELEASE.jar;C:\Maven\apache-maven-3.5.3\repo\org\xmlunit\xmlunit-core\2.5.1\xmlunit-core-2.5.1.jar;"/>
    <property name="sun.cpu.endian" value="little"/>
    <property name="user.home" value="C:\Users\Sherlock_Bai"/>
    <property name="user.language" value="en"/>
    <property name="java.specification.vendor" value="Oracle Corporation"/>
    <property name="java.version.date" value="2018-04-17"/>
    <property name="java.home" value="C:\Program Files\Java\jdk-10.0.1"/>
    <property name="file.separator" value="\"/>
    <property name="basedir" value="C:\Users\Sherlock_Bai\Desktop\Project\ServerWithSpring\decido.app.server\decido.app.server"/>
    <property name="java.vm.compressedOopsMode" value="32-bit"/>
    <property name="line.separator" value="&#10;"/>
    <property name="java.specification.name" value="Java Platform API Specification"/>
    <property name="java.vm.specification.vendor" value="Oracle Corporation"/>
    <property name="java.awt.graphicsenv" value="sun.awt.Win32GraphicsEnvironment"/>
    <property name="surefire.real.class.path" value="C:\Users\SHERLO~1\AppData\Local\Temp\surefire14700816494832177028\surefirebooter15644387341632682859.jar"/>
    <property name="user.script" value=""/>
    <property name="sun.management.compiler" value="HotSpot 64-Bit Tiered Compilers"/>
    <property name="java.runtime.version" value="10.0.1+10"/>
    <property name="user.name" value="Sherlock_Bai"/>
    <property name="path.separator" value=";"/>
    <property name="os.version" value="10.0"/>
    <property name="java.runtime.name" value="Java(TM) SE Runtime Environment"/>
    <property name="file.encoding" value="GBK"/>
    <property name="java.vm.name" value="Java HotSpot(TM) 64-Bit Server VM"/>
    <property name="java.vendor.version" value="18.3"/>
    <property name="localRepository" value="C:\Maven\apache-maven-3.5.3\repo"/>
    <property name="java.vendor.url.bug" value="http://bugreport.java.com/bugreport/"/>
    <property name="java.io.tmpdir" value="C:\Users\SHERLO~1\AppData\Local\Temp\"/>
    <property name="idea.version" value="2018.1.5"/>
    <property name="java.version" value="10.0.1"/>
    <property name="user.dir" value="C:\Users\Sherlock_Bai\Desktop\Project\ServerWithSpring\decido.app.server\decido.app.server"/>
    <property name="os.arch" value="amd64"/>
    <property name="java.vm.specification.name" value="Java Virtual Machine Specification"/>
    <property name="java.awt.printerjob" value="sun.awt.windows.WPrinterJob"/>
    <property name="sun.os.patch.level" value=""/>
    <property name="java.library.path" value="C:\Program Files\Java\jdk-10.0.1\bin;C:\WINDOWS\Sun\Java\bin;C:\WINDOWS\system32;C:\WINDOWS;C:\Program Files (x86)\Common Files\Oracle\Java\javapath;C:\oraclexe\app\oracle\product\11.2.0\server\bin;C:\Program Files (x86)\Intel\iCLS Client\;C:\Program Files\Intel\iCLS Client\;C:\WINDOWS\system32;C:\WINDOWS;C:\WINDOWS\System32\Wbem;C:\WINDOWS\System32\WindowsPowerShell\v1.0\;C:\Program Files\Java\jdk-10.0.1\bin;C:\Program Files\PuTTY\;C:\Maven\apache-maven-3.5.3\\bin;C:\ProgramData\chocolatey\bin;C:\Program Files\Sublime Text 3;C:\Program Files\Git\cmd;C:\Program Files\MySQL\MySQL Server 8.0\bin;;C:\WINDOWS\System32\OpenSSH\;C:\Users\Sherlock_Bai\AppData\Local\Programs\Python\Python37\Scripts\;C:\Users\Sherlock_Bai\AppData\Local\Programs\Python\Python37\;C:\Users\Sherlock_Bai\AppData\Local\Microsoft\WindowsApps;;."/>
    <property name="java.vendor" value="Oracle Corporation"/>
    <property name="java.vm.info" value="mixed mode"/>
    <property name="java.vm.version" value="10.0.1+10"/>
    <property name="sun.io.unicode.encoding" value="UnicodeLittle"/>
    <property name="java.class.version" value="54.0"/>
  </properties>
  <testcase name="contextLoads" classname="com.decido.decido.app.server.ApplicationTests" time="0.21"/>
</testsuite>